INFO:root:Setting Working Directory to: C://CGAS_Apps//CGAS_Main//_GRAPH_DATA//_Current_Selections//Kinematics//
INFO:root:Local Directory is: C:\CGAS_Python\CGAS_Graphs
INFO:root:Lab = 'Kingston' and GraphType = 'Kinematics' :[2]
INFO:root:Lab = 'Kingston' and GraphType = 'Kinematics' :[3]
INFO:root:GroupID = "5B0C810B-D09C-4540-AED8-60037A65FAE4" :[60.8447]
INFO:root:GroupID = "5B0C810B-D09C-4540-AED8-60037A65FAE4" :[1.90807]
INFO:root:GroupID = "5B0C810B-D09C-4540-AED8-60037A65FAE4" and GraphName = 'Pelvic Tilt' :[b'5B0C810B-D09C-4540-AED8-60037A65FAE4-05-00']
INFO:root:GroupID = "5B0C810B-D09C-4540-AED8-60037A65FAE4" and GraphName = 'Pelvic Obliquity' :[b'5B0C810B-D09C-4540-AED8-60037A65FAE4-05-01']
INFO:root:GroupID = "5B0C810B-D09C-4540-AED8-60037A65FAE4" and GraphName = 'Pelvic Rotation' :[b'5B0C810B-D09C-4540-AED8-60037A65FAE4-05-02']
INFO:root:GroupID = "5B0C810B-D09C-4540-AED8-60037A65FAE4" and GraphName = 'Hip Flex-Ext' :[b'5B0C810B-D09C-4540-AED8-60037A65FAE4-07-00']
INFO:root:GroupID = "5B0C810B-D09C-4540-AED8-60037A65FAE4" and GraphName = 'Hip Add-Abd' :[b'5B0C810B-D09C-4540-AED8-60037A65FAE4-07-01']
INFO:root:GroupID = "5B0C810B-D09C-4540-AED8-60037A65FAE4" and GraphName = 'Hip Rotation' :[b'5B0C810B-D09C-4540-AED8-60037A65FAE4-07-02']
INFO:root:GroupID = "5B0C810B-D09C-4540-AED8-60037A65FAE4" and GraphName = 'Knee Flex-Ext' :[b'5B0C810B-D09C-4540-AED8-60037A65FAE4-09-00']
INFO:root:GroupID = "5B0C810B-D09C-4540-AED8-60037A65FAE4" and GraphName = 'Knee Valg-Var' :[b'5B0C810B-D09C-4540-AED8-60037A65FAE4-09-01']
INFO:root:GroupID = "5B0C810B-D09C-4540-AED8-60037A65FAE4" and GraphName = 'Knee Rotation' :[b'5B0C810B-D09C-4540-AED8-60037A65FAE4-09-02']
INFO:root:GroupID = "5B0C810B-D09C-4540-AED8-60037A65FAE4" and GraphName = 'Ankle Flex-Ext' :[b'5B0C810B-D09C-4540-AED8-60037A65FAE4-11-00']
INFO:root:GroupID = "5B0C810B-D09C-4540-AED8-60037A65FAE4" and GraphName = 'Foot Progression Int-Ext' :[b'5B0C810B-D09C-4540-AED8-60037A65FAE4-13-02']
INFO:root:GroupID = "EB9AE8EA-6593-49B1-94CA-E9CD588213FC" :[65.0]
INFO:root:GroupID = "EB9AE8EA-6593-49B1-94CA-E9CD588213FC" :[4.47214]
INFO:root:GroupID = "EB9AE8EA-6593-49B1-94CA-E9CD588213FC" and GraphName = 'Pelvic Tilt' :[b'EB9AE8EA-6593-49B1-94CA-E9CD588213FC-06-00']
INFO:root:GroupID = "EB9AE8EA-6593-49B1-94CA-E9CD588213FC" and GraphName = 'Pelvic Obliquity' :[b'EB9AE8EA-6593-49B1-94CA-E9CD588213FC-06-01']
INFO:root:GroupID = "EB9AE8EA-6593-49B1-94CA-E9CD588213FC" and GraphName = 'Pelvic Rotation' :[b'EB9AE8EA-6593-49B1-94CA-E9CD588213FC-06-02']
INFO:root:GroupID = "EB9AE8EA-6593-49B1-94CA-E9CD588213FC" and GraphName = 'Hip Flex-Ext' :[b'EB9AE8EA-6593-49B1-94CA-E9CD588213FC-08-00']
INFO:root:GroupID = "EB9AE8EA-6593-49B1-94CA-E9CD588213FC" and GraphName = 'Hip Add-Abd' :[b'EB9AE8EA-6593-49B1-94CA-E9CD588213FC-08-01']
INFO:root:GroupID = "EB9AE8EA-6593-49B1-94CA-E9CD588213FC" and GraphName = 'Hip Rotation' :[b'EB9AE8EA-6593-49B1-94CA-E9CD588213FC-08-02']
INFO:root:GroupID = "EB9AE8EA-6593-49B1-94CA-E9CD588213FC" and GraphName = 'Knee Flex-Ext' :[b'EB9AE8EA-6593-49B1-94CA-E9CD588213FC-10-00']
INFO:root:GroupID = "EB9AE8EA-6593-49B1-94CA-E9CD588213FC" and GraphName = 'Knee Valg-Var' :[b'EB9AE8EA-6593-49B1-94CA-E9CD588213FC-10-01']
INFO:root:GroupID = "EB9AE8EA-6593-49B1-94CA-E9CD588213FC" and GraphName = 'Knee Rotation' :[b'EB9AE8EA-6593-49B1-94CA-E9CD588213FC-10-02']
INFO:root:GroupID = "EB9AE8EA-6593-49B1-94CA-E9CD588213FC" and GraphName = 'Ankle Flex-Ext' :[b'EB9AE8EA-6593-49B1-94CA-E9CD588213FC-12-00']
INFO:root:GroupID = "EB9AE8EA-6593-49B1-94CA-E9CD588213FC" and GraphName = 'Foot Progression Int-Ext' :[b'EB9AE8EA-6593-49B1-94CA-E9CD588213FC-14-02']
INFO:root:GroupID = "F4B751EE-FC82-4F6B-8E5C-AE7A6B8D6AF5" :[63.8]
INFO:root:GroupID = "F4B751EE-FC82-4F6B-8E5C-AE7A6B8D6AF5" :[4.32435]
INFO:root:GroupID = "F4B751EE-FC82-4F6B-8E5C-AE7A6B8D6AF5" and GraphName = 'Pelvic Tilt' :[b'F4B751EE-FC82-4F6B-8E5C-AE7A6B8D6AF5-05-00']
INFO:root:GroupID = "F4B751EE-FC82-4F6B-8E5C-AE7A6B8D6AF5" and GraphName = 'Pelvic Obliquity' :[b'F4B751EE-FC82-4F6B-8E5C-AE7A6B8D6AF5-05-01']
INFO:root:GroupID = "F4B751EE-FC82-4F6B-8E5C-AE7A6B8D6AF5" and GraphName = 'Pelvic Rotation' :[b'F4B751EE-FC82-4F6B-8E5C-AE7A6B8D6AF5-05-02']
INFO:root:GroupID = "F4B751EE-FC82-4F6B-8E5C-AE7A6B8D6AF5" and GraphName = 'Hip Flex-Ext' :[b'F4B751EE-FC82-4F6B-8E5C-AE7A6B8D6AF5-07-00']
INFO:root:GroupID = "F4B751EE-FC82-4F6B-8E5C-AE7A6B8D6AF5" and GraphName = 'Hip Add-Abd' :[b'F4B751EE-FC82-4F6B-8E5C-AE7A6B8D6AF5-07-01']
INFO:root:GroupID = "F4B751EE-FC82-4F6B-8E5C-AE7A6B8D6AF5" and GraphName = 'Hip Rotation' :[b'F4B751EE-FC82-4F6B-8E5C-AE7A6B8D6AF5-07-02']
INFO:root:GroupID = "F4B751EE-FC82-4F6B-8E5C-AE7A6B8D6AF5" and GraphName = 'Knee Flex-Ext' :[b'F4B751EE-FC82-4F6B-8E5C-AE7A6B8D6AF5-09-00']
INFO:root:GroupID = "F4B751EE-FC82-4F6B-8E5C-AE7A6B8D6AF5" and GraphName = 'Knee Valg-Var' :[b'F4B751EE-FC82-4F6B-8E5C-AE7A6B8D6AF5-09-01']
INFO:root:GroupID = "F4B751EE-FC82-4F6B-8E5C-AE7A6B8D6AF5" and GraphName = 'Knee Rotation' :[b'F4B751EE-FC82-4F6B-8E5C-AE7A6B8D6AF5-09-02']
INFO:root:GroupID = "F4B751EE-FC82-4F6B-8E5C-AE7A6B8D6AF5" and GraphName = 'Ankle Flex-Ext' :[b'F4B751EE-FC82-4F6B-8E5C-AE7A6B8D6AF5-11-00']
INFO:root:GroupID = "F4B751EE-FC82-4F6B-8E5C-AE7A6B8D6AF5" and GraphName = 'Foot Progression Int-Ext' :[b'F4B751EE-FC82-4F6B-8E5C-AE7A6B8D6AF5-13-02']
