INFO:root:Setting Working Directory to: C://CGAS_Apps//CGAS_Main//_GRAPH_DATA//_Current_Selections//Kinetics//
INFO:root:Local Directory is: C:\CGAS_Python\CGAS_Graphs
INFO:root:Lab = 'Kingston' and GraphType = 'Kinetics' :[2]
INFO:root:Lab = 'Kingston' and GraphType = 'Kinetics' :[3]
INFO:root:GroupID = "5B0C810B-D09C-4540-AED8-60037A65FAE4" :[60.8447]
INFO:root:GroupID = "5B0C810B-D09C-4540-AED8-60037A65FAE4" :[1.90807]
INFO:root:GroupID = "5B0C810B-D09C-4540-AED8-60037A65FAE4" and GraphName = 'Hip Flex-Ext Moment' :[b'5B0C810B-D09C-4540-AED8-60037A65FAE4-17-00']
INFO:root:GroupID = "5B0C810B-D09C-4540-AED8-60037A65FAE4" and GraphName = 'Hip Abd-Add Moment' :[b'5B0C810B-D09C-4540-AED8-60037A65FAE4-17-01']
INFO:root:GroupID = "5B0C810B-D09C-4540-AED8-60037A65FAE4" and GraphName = 'Total Hip Power' :[b'5B0C810B-D09C-4540-AED8-60037A65FAE4-23-02']
INFO:root:GroupID = "5B0C810B-D09C-4540-AED8-60037A65FAE4" and GraphName = 'Knee Flex-Ext Moment' :[b'5B0C810B-D09C-4540-AED8-60037A65FAE4-19-00']
INFO:root:GroupID = "5B0C810B-D09C-4540-AED8-60037A65FAE4" and GraphName = 'Knee Abd-Add Moment' :[b'5B0C810B-D09C-4540-AED8-60037A65FAE4-19-01']
INFO:root:GroupID = "5B0C810B-D09C-4540-AED8-60037A65FAE4" and GraphName = 'Total Knee Power' :[b'5B0C810B-D09C-4540-AED8-60037A65FAE4-25-02']
INFO:root:GroupID = "5B0C810B-D09C-4540-AED8-60037A65FAE4" and GraphName = 'Ankle Flex-Ext Moment' :[b'5B0C810B-D09C-4540-AED8-60037A65FAE4-21-00']
INFO:root:GroupID = "5B0C810B-D09C-4540-AED8-60037A65FAE4" and GraphName = 'Total Ankle Power' :[b'5B0C810B-D09C-4540-AED8-60037A65FAE4-27-02']
INFO:root:GroupID = "5B0C810B-D09C-4540-AED8-60037A65FAE4" and GraphName = 'Fz' :[b'5B0C810B-D09C-4540-AED8-60037A65FAE4-15-02']
INFO:root:GroupID = "5B0C810B-D09C-4540-AED8-60037A65FAE4" and GraphName = 'Fy' :[b'5B0C810B-D09C-4540-AED8-60037A65FAE4-15-00']
INFO:root:GroupID = "5B0C810B-D09C-4540-AED8-60037A65FAE4" and GraphName = 'Fx' :[b'5B0C810B-D09C-4540-AED8-60037A65FAE4-15-01']
INFO:root:GroupID = "EB9AE8EA-6593-49B1-94CA-E9CD588213FC" :[65.5]
INFO:root:GroupID = "EB9AE8EA-6593-49B1-94CA-E9CD588213FC" :[5.0]
INFO:root:GroupID = "EB9AE8EA-6593-49B1-94CA-E9CD588213FC" and GraphName = 'Hip Flex-Ext Moment' :[b'EB9AE8EA-6593-49B1-94CA-E9CD588213FC-18-00']
INFO:root:GroupID = "EB9AE8EA-6593-49B1-94CA-E9CD588213FC" and GraphName = 'Hip Abd-Add Moment' :[b'EB9AE8EA-6593-49B1-94CA-E9CD588213FC-18-01']
INFO:root:GroupID = "EB9AE8EA-6593-49B1-94CA-E9CD588213FC" and GraphName = 'Total Hip Power' :[b'EB9AE8EA-6593-49B1-94CA-E9CD588213FC-24-02']
INFO:root:GroupID = "EB9AE8EA-6593-49B1-94CA-E9CD588213FC" and GraphName = 'Knee Flex-Ext Moment' :[b'EB9AE8EA-6593-49B1-94CA-E9CD588213FC-20-00']
INFO:root:GroupID = "EB9AE8EA-6593-49B1-94CA-E9CD588213FC" and GraphName = 'Knee Abd-Add Moment' :[b'EB9AE8EA-6593-49B1-94CA-E9CD588213FC-20-01']
INFO:root:GroupID = "EB9AE8EA-6593-49B1-94CA-E9CD588213FC" and GraphName = 'Total Knee Power' :[b'EB9AE8EA-6593-49B1-94CA-E9CD588213FC-26-02']
INFO:root:GroupID = "EB9AE8EA-6593-49B1-94CA-E9CD588213FC" and GraphName = 'Ankle Flex-Ext Moment' :[b'EB9AE8EA-6593-49B1-94CA-E9CD588213FC-22-00']
INFO:root:GroupID = "EB9AE8EA-6593-49B1-94CA-E9CD588213FC" and GraphName = 'Total Ankle Power' :[b'EB9AE8EA-6593-49B1-94CA-E9CD588213FC-28-02']
INFO:root:GroupID = "EB9AE8EA-6593-49B1-94CA-E9CD588213FC" and GraphName = 'Fz' :[b'EB9AE8EA-6593-49B1-94CA-E9CD588213FC-16-02']
INFO:root:GroupID = "EB9AE8EA-6593-49B1-94CA-E9CD588213FC" and GraphName = 'Fy' :[b'EB9AE8EA-6593-49B1-94CA-E9CD588213FC-16-00']
INFO:root:GroupID = "EB9AE8EA-6593-49B1-94CA-E9CD588213FC" and GraphName = 'Fx' :[b'EB9AE8EA-6593-49B1-94CA-E9CD588213FC-16-01']
INFO:root:GroupID = "F4B751EE-FC82-4F6B-8E5C-AE7A6B8D6AF5" :[64.0]
INFO:root:GroupID = "F4B751EE-FC82-4F6B-8E5C-AE7A6B8D6AF5" :[4.96655]
INFO:root:GroupID = "F4B751EE-FC82-4F6B-8E5C-AE7A6B8D6AF5" and GraphName = 'Hip Flex-Ext Moment' :[b'F4B751EE-FC82-4F6B-8E5C-AE7A6B8D6AF5-17-00']
INFO:root:GroupID = "F4B751EE-FC82-4F6B-8E5C-AE7A6B8D6AF5" and GraphName = 'Hip Abd-Add Moment' :[b'F4B751EE-FC82-4F6B-8E5C-AE7A6B8D6AF5-17-01']
INFO:root:GroupID = "F4B751EE-FC82-4F6B-8E5C-AE7A6B8D6AF5" and GraphName = 'Total Hip Power' :[b'F4B751EE-FC82-4F6B-8E5C-AE7A6B8D6AF5-23-02']
INFO:root:GroupID = "F4B751EE-FC82-4F6B-8E5C-AE7A6B8D6AF5" and GraphName = 'Knee Flex-Ext Moment' :[b'F4B751EE-FC82-4F6B-8E5C-AE7A6B8D6AF5-19-00']
INFO:root:GroupID = "F4B751EE-FC82-4F6B-8E5C-AE7A6B8D6AF5" and GraphName = 'Knee Abd-Add Moment' :[b'F4B751EE-FC82-4F6B-8E5C-AE7A6B8D6AF5-19-01']
INFO:root:GroupID = "F4B751EE-FC82-4F6B-8E5C-AE7A6B8D6AF5" and GraphName = 'Total Knee Power' :[b'F4B751EE-FC82-4F6B-8E5C-AE7A6B8D6AF5-25-02']
INFO:root:GroupID = "F4B751EE-FC82-4F6B-8E5C-AE7A6B8D6AF5" and GraphName = 'Ankle Flex-Ext Moment' :[b'F4B751EE-FC82-4F6B-8E5C-AE7A6B8D6AF5-21-00']
INFO:root:GroupID = "F4B751EE-FC82-4F6B-8E5C-AE7A6B8D6AF5" and GraphName = 'Total Ankle Power' :[b'F4B751EE-FC82-4F6B-8E5C-AE7A6B8D6AF5-27-02']
INFO:root:GroupID = "F4B751EE-FC82-4F6B-8E5C-AE7A6B8D6AF5" and GraphName = 'Fz' :[b'F4B751EE-FC82-4F6B-8E5C-AE7A6B8D6AF5-15-02']
INFO:root:GroupID = "F4B751EE-FC82-4F6B-8E5C-AE7A6B8D6AF5" and GraphName = 'Fy' :[b'F4B751EE-FC82-4F6B-8E5C-AE7A6B8D6AF5-15-00']
INFO:root:GroupID = "F4B751EE-FC82-4F6B-8E5C-AE7A6B8D6AF5" and GraphName = 'Fx' :[b'F4B751EE-FC82-4F6B-8E5C-AE7A6B8D6AF5-15-01']
